<?xml version="1.0" encoding="UTF-8"?>
<!-- Generated by org.testng.reporters.JUnitReportReporter -->
<testsuite skipped="0" hostname="360NDCPC089" name="com.clearMechanic.testscripts.LoginIntoClearMechanic" tests="1" failures="0" timestamp="23 Aug 2019 11:14:16 GMT" time="75.423" errors="0">
  <testcase name="testloginIntoApllication" time="75.423" classname="com.clearMechanic.testscripts.LoginIntoClearMechanic"/>
</testsuite> <!-- com.clearMechanic.testscripts.LoginIntoClearMechanic -->
